<html>
<body>
<pre>
<h1>Vision Build Log</h1>
<h2>Project:</h2>
F:\学习开始\数码管\数字扫描\number.uvproj
Project File Date:  10/11/2015

<h2>Output:</h2>
Build target 'Target 1'
assembling STARTUP.A51...
compiling number.c...
NUMBER.C(11): error C141: syntax error near 'void'
NUMBER.C(27): error C231: '_time': redefinition
NUMBER.C(31): error C231: '_time': redefinition
Target not created
Build target 'Target 1'
assembling STARTUP.A51...
compiling number.c...
NUMBER.C(11): error C141: syntax error near 'void'
Target not created
Build target 'Target 1'
assembling STARTUP.A51...
compiling number.c...
NUMBER.C(11): error C141: syntax error near 'void'
Target not created
Build target 'Target 1'
assembling STARTUP.A51...
compiling number.c...
NUMBER.C(11): error C141: syntax error near 'void'
Target not created
Build target 'Target 1'
assembling STARTUP.A51...
compiling number.c...
NUMBER.C(21): warning C206: 'time': missing function-prototype
NUMBER.C(21): error C267: 'time': requires ANSI-style prototype
NUMBER.C(27): error C236: 'TIME': different length of parameter lists
Target not created
Build target 'Target 1'
assembling STARTUP.A51...
compiling number.c...
NUMBER.C(21): error C207: 'TIME': declared with 'void' parameter list
NUMBER.C(27): error C236: 'TIME': different length of parameter lists
Target not created
Build target 'Target 1'
assembling STARTUP.A51...
compiling number.c...
NUMBER.C(21): error C267: 'TIME': requires ANSI-style prototype
Target not created
Build target 'Target 1'
assembling STARTUP.A51...
compiling number.c...
NUMBER.C(14): error C132: 'main': not in formal parameter list
NUMBER.C(14): error C141: syntax error near '{'
NUMBER.C(15): error C136: 'P1': 'void' on variable
NUMBER.C(15): error C244: 'P1': can't initialize, bad type or class
NUMBER.C(15): error C136: 'P1': 'void' on variable
NUMBER.C(15): error C132: 'P1': not in formal parameter list
NUMBER.C(16): error C141: syntax error near 'while'
NUMBER.C(16): error C141: syntax error near '1'
NUMBER.C(18): error C141: syntax error near '=', expected ')'
NUMBER.C(18): error C129: missing ';' before '<'
Target not created
Build target 'Target 1'
assembling STARTUP.A51...
compiling number.c...
NUMBER.C(21): error C267: 'TIME': requires ANSI-style prototype
Target not created
Build target 'Target 1'
assembling STARTUP.A51...
compiling number.c...
NUMBER.C(21): error C267: 'sj': requires ANSI-style prototype
Target not created
Build target 'Target 1'
assembling STARTUP.A51...
compiling number.c...
NUMBER.C(20): error C267: 'sj': requires ANSI-style prototype
Target not created
Build target 'Target 1'
assembling STARTUP.A51...
compiling number.c...
NUMBER.C(20): error C267: 'sj': requires ANSI-style prototype
Target not created
Build target 'Target 1'
assembling STARTUP.A51...
compiling number.c...
NUMBER.C(20): error C267: 'sj': requires ANSI-style prototype
Target not created
Build target 'Target 1'
assembling STARTUP.A51...
compiling number.c...
NUMBER.C(20): error C267: 'sj': requires ANSI-style prototype
Target not created
Build target 'Target 1'
assembling STARTUP.A51...
compiling number.c...
NUMBER.C(20): error C267: 'sj': requires ANSI-style prototype
Target not created
Build target 'Target 1'
assembling STARTUP.A51...
compiling number.c...
linking...
Program Size: data=10.0 xdata=0 code=97
"number" - 0 Error(s), 0 Warning(s).
Build target 'Target 1'
assembling STARTUP.A51...
compiling number.c...
linking...
Program Size: data=10.0 xdata=0 code=97
creating hex file from "number"...
"number" - 0 Error(s), 0 Warning(s).
